TN:
SF:src/EtsyClientV2.js
FN:13,<static_initializer>
FN:15,EtsyClientV2
FN:34,initRateLimiter
FN:44,isRateLimitEnabled
FN:49,findAllShops
FN:54,getShop
FN:60,findAllShopSections
FN:66,findAllShopListingsActive
FN:72,getListing
FN:78,getVariationImages
FN:84,findAllListingImages
FN:90,getInventory
FN:96,getAttributes
FN:102,getProduct
FN:109,findAllListingShippingProfileEntries
FN:114,limitedEtsyApiFetch
FN:126,safeEtsyApiFetch
FN:145,secureErrorAttribute
FN:152,secureAttributeValue
FN:156,getOptions
FN:165,dryFetch
FN:168,response.text
FN:173,nodeFetch
FN:180,_assumeShop
FN:181,_assumeApiUrl
FN:182,_assumeApiKey
FN:183,_assumeField
FN:185,_response
FN:204,_consumeResponseBodyAs
FNF:29
FNH:29
FNDA:1,<static_initializer>
FNDA:5,EtsyClientV2
FNDA:4,initRateLimiter
FNDA:31,isRateLimitEnabled
FNDA:3,findAllShops
FNDA:2,getShop
FNDA:2,findAllShopSections
FNDA:2,findAllShopListingsActive
FNDA:4,getListing
FNDA:2,getVariationImages
FNDA:4,findAllListingImages
FNDA:2,getInventory
FNDA:2,getAttributes
FNDA:2,getProduct
FNDA:2,findAllListingShippingProfileEntries
FNDA:27,limitedEtsyApiFetch
FNDA:27,safeEtsyApiFetch
FNDA:5,secureErrorAttribute
FNDA:3,secureAttributeValue
FNDA:27,getOptions
FNDA:26,dryFetch
FNDA:26,response.text
FNDA:27,nodeFetch
FNDA:6,_assumeShop
FNDA:5,_assumeApiUrl
FNDA:5,_assumeApiKey
FNDA:47,_assumeField
FNDA:26,_response
FNDA:26,_consumeResponseBodyAs
DA:1,1
DA:2,1
DA:3,1
DA:4,1
DA:5,1
DA:6,1
DA:7,1
DA:8,1
DA:9,1
DA:10,1
DA:11,1
DA:12,1
DA:13,1
DA:14,1
DA:15,1
DA:16,5
DA:17,1
DA:18,1
DA:19,5
DA:20,5
DA:21,5
DA:22,5
DA:23,5
DA:24,5
DA:25,5
DA:26,5
DA:27,5
DA:28,5
DA:29,5
DA:30,5
DA:31,5
DA:32,5
DA:33,1
DA:34,1
DA:35,4
DA:36,1
DA:37,1
DA:38,1
DA:39,1
DA:40,4
DA:41,4
DA:42,4
DA:43,1
DA:44,1
DA:45,31
DA:46,31
DA:47,1
DA:48,1
DA:49,1
DA:50,3
DA:51,3
DA:52,1
DA:53,1
DA:54,1
DA:55,2
DA:56,2
DA:57,2
DA:58,1
DA:59,1
DA:60,1
DA:61,2
DA:62,2
DA:63,2
DA:64,1
DA:65,1
DA:66,1
DA:67,2
DA:68,2
DA:69,2
DA:70,1
DA:71,1
DA:72,1
DA:73,4
DA:74,4
DA:75,4
DA:76,1
DA:77,1
DA:78,1
DA:79,2
DA:80,2
DA:81,2
DA:82,1
DA:83,1
DA:84,1
DA:85,4
DA:86,4
DA:87,4
DA:88,1
DA:89,1
DA:90,1
DA:91,2
DA:92,2
DA:93,2
DA:94,1
DA:95,1
DA:96,1
DA:97,2
DA:98,2
DA:99,2
DA:100,1
DA:101,1
DA:102,1
DA:103,2
DA:104,2
DA:105,2
DA:106,2
DA:107,1
DA:108,1
DA:109,1
DA:110,2
DA:111,2
DA:112,2
DA:113,1
DA:114,1
DA:115,27
DA:116,27
DA:117,16
DA:118,27
DA:119,11
DA:120,11
DA:121,11
DA:122,11
DA:123,11
DA:124,27
DA:125,1
DA:126,1
DA:127,27
DA:128,27
DA:129,27
DA:130,27
DA:131,27
DA:132,27
DA:133,27
DA:134,1
DA:135,1
DA:136,1
DA:137,1
DA:138,1
DA:139,1
DA:140,1
DA:141,27
DA:142,27
DA:143,27
DA:144,1
DA:145,1
DA:146,5
DA:147,2
DA:148,2
DA:149,5
DA:150,5
DA:151,1
DA:152,1
DA:153,3
DA:154,3
DA:155,1
DA:156,1
DA:157,27
DA:158,27
DA:159,27
DA:160,24
DA:161,24
DA:162,27
DA:163,27
DA:164,1
DA:165,1
DA:166,26
DA:167,26
DA:168,26
DA:169,26
DA:170,26
DA:171,26
DA:172,1
DA:173,1
DA:174,27
DA:175,26
DA:176,26
DA:177,27
DA:178,27
DA:179,1
DA:180,1
DA:181,1
DA:182,1
DA:183,1
DA:184,1
DA:185,1
DA:186,26
DA:187,26
DA:188,26
DA:189,0
DA:190,26
DA:191,26
DA:192,26
DA:193,26
DA:194,26
DA:195,0
DA:196,0
DA:197,0
DA:198,0
DA:199,0
DA:200,0
DA:201,26
DA:202,26
DA:203,1
DA:204,1
DA:205,26
DA:206,26
DA:207,26
DA:208,26
DA:209,26
DA:210,26
DA:211,0
DA:212,0
DA:213,26
DA:214,26
DA:215,26
DA:216,0
DA:217,0
DA:218,0
DA:219,0
DA:220,0
DA:221,0
DA:222,26
DA:223,26
DA:224,1
DA:225,1
LF:225
LH:210
BRDA:1,0,0,1
BRDA:13,1,0,1
BRDA:13,2,0,0
BRDA:15,3,0,5
BRDA:16,4,0,1
BRDA:19,5,0,4
BRDA:19,6,0,1
BRDA:21,7,0,4
BRDA:21,8,0,1
BRDA:23,9,0,3
BRDA:23,10,0,1
BRDA:24,11,0,3
BRDA:24,12,0,1
BRDA:27,13,0,0
BRDA:27,14,0,4
BRDA:28,15,0,1
BRDA:28,16,0,3
BRDA:29,17,0,3
BRDA:29,18,0,1
BRDA:34,19,0,4
BRDA:35,20,0,3
BRDA:35,21,0,1
BRDA:41,22,0,3
BRDA:41,23,0,1
BRDA:44,24,0,31
BRDA:49,25,0,3
BRDA:54,26,0,2
BRDA:60,27,0,2
BRDA:66,28,0,2
BRDA:72,29,0,4
BRDA:78,30,0,2
BRDA:84,31,0,4
BRDA:90,32,0,2
BRDA:96,33,0,2
BRDA:102,34,0,2
BRDA:109,35,0,2
BRDA:114,36,0,27
BRDA:116,37,0,16
BRDA:118,38,0,11
BRDA:119,39,0,11
BRDA:120,40,0,11
BRDA:126,41,0,27
BRDA:129,42,0,27
BRDA:132,43,0,26
BRDA:133,44,0,1
BRDA:145,45,0,5
BRDA:146,46,0,2
BRDA:152,47,0,3
BRDA:153,48,0,0
BRDA:156,49,0,27
BRDA:157,50,0,2
BRDA:157,51,0,25
BRDA:159,52,0,26
BRDA:159,53,0,24
BRDA:165,54,0,26
BRDA:168,55,0,26
BRDA:173,56,0,27
BRDA:174,57,0,26
BRDA:180,58,0,6
BRDA:180,59,0,0
BRDA:181,60,0,5
BRDA:181,61,0,0
BRDA:182,62,0,5
BRDA:182,63,0,1
BRDA:183,64,0,47
BRDA:183,65,0,0
BRDA:185,66,0,26
BRDA:187,67,0,26
BRDA:188,68,0,0
BRDA:204,69,0,26
BRDA:205,70,0,26
BRDA:210,71,0,0
BRDA:215,72,0,0
BRF:73
BRH:64
end_of_record
TN:
SF:src/EtsyClientV3.js
FN:13,<static_initializer>
FN:15,EtsyClientV3
FN:35,initRateLimiter
FN:45,isRateLimitEnabled
FN:50,findShops
FN:56,getShop
FN:62,getShopSections
FN:68,findAllActiveListingsByShop
FN:74,getListing
FN:80,getListingVariationImages
FN:87,getListingImages
FN:93,getListingProperty
FN:102,getListingsByShop
FN:109,getListingInventory
FN:116,getListingProduct
FN:135,limitedEtsyApiFetch
FN:147,safeEtsyApiFetch
FN:179,secureErrorAttribute
FN:186,secureAttributeValue
FN:190,getOptions
FN:204,dryFetch
FN:207,response.text
FN:212,nodeFetch
FN:222,_assumeShopId
FN:223,_assumeOAuth2
FN:224,_assumeApiUrl
FN:225,_assumeApiKey
FN:226,_assumeField
FN:228,_response
FN:247,_consumeResponseBodyAs
FNF:30
FNH:28
FNDA:1,<static_initializer>
FNDA:6,EtsyClientV3
FNDA:5,initRateLimiter
FNDA:33,isRateLimitEnabled
FNDA:2,findShops
FNDA:2,getShop
FNDA:2,getShopSections
FNDA:2,findAllActiveListingsByShop
FNDA:4,getListing
FNDA:2,getListingVariationImages
FNDA:10,getListingImages
FNDA:2,getListingProperty
FNDA:2,getListingsByShop
FNDA:0,getListingInventory
FNDA:0,getListingProduct
FNDA:28,limitedEtsyApiFetch
FNDA:28,safeEtsyApiFetch
FNDA:8,secureErrorAttribute
FNDA:6,secureAttributeValue
FNDA:28,getOptions
FNDA:26,dryFetch
FNDA:26,response.text
FNDA:28,nodeFetch
FNDA:12,_assumeShopId
FNDA:2,_assumeOAuth2
FNDA:6,_assumeApiUrl
FNDA:6,_assumeApiKey
FNDA:48,_assumeField
FNDA:26,_response
FNDA:26,_consumeResponseBodyAs
DA:1,1
DA:2,1
DA:3,1
DA:4,1
DA:5,1
DA:6,1
DA:7,1
DA:8,1
DA:9,1
DA:10,1
DA:11,1
DA:12,1
DA:13,1
DA:14,1
DA:15,1
DA:16,6
DA:17,1
DA:18,1
DA:19,6
DA:20,6
DA:21,6
DA:22,6
DA:23,6
DA:24,6
DA:25,6
DA:26,6
DA:27,6
DA:28,6
DA:29,6
DA:30,6
DA:31,6
DA:32,6
DA:33,6
DA:34,1
DA:35,1
DA:36,5
DA:37,2
DA:38,2
DA:39,2
DA:40,2
DA:41,5
DA:42,5
DA:43,5
DA:44,1
DA:45,1
DA:46,33
DA:47,33
DA:48,1
DA:49,1
DA:50,1
DA:51,2
DA:52,2
DA:53,2
DA:54,1
DA:55,1
DA:56,1
DA:57,2
DA:58,2
DA:59,2
DA:60,1
DA:61,1
DA:62,1
DA:63,2
DA:64,2
DA:65,2
DA:66,1
DA:67,1
DA:68,1
DA:69,2
DA:70,2
DA:71,2
DA:72,1
DA:73,1
DA:74,1
DA:75,4
DA:76,4
DA:77,4
DA:78,1
DA:79,1
DA:80,1
DA:81,2
DA:82,2
DA:83,2
DA:84,2
DA:85,1
DA:86,1
DA:87,1
DA:88,10
DA:89,10
DA:90,10
DA:91,1
DA:92,1
DA:93,1
DA:94,2
DA:95,2
DA:96,2
DA:97,2
DA:98,1
DA:99,1
DA:100,1
DA:101,1
DA:102,1
DA:103,2
DA:104,2
DA:105,2
DA:106,2
DA:107,1
DA:108,1
DA:109,1
DA:110,0
DA:111,0
DA:112,0
DA:113,0
DA:114,1
DA:115,1
DA:116,1
DA:117,0
DA:118,0
DA:119,0
DA:120,0
DA:121,0
DA:122,1
DA:123,1
DA:124,1
DA:125,1
DA:126,1
DA:127,1
DA:128,1
DA:129,1
DA:130,1
DA:131,1
DA:132,1
DA:133,1
DA:134,1
DA:135,1
DA:136,28
DA:137,28
DA:138,16
DA:139,28
DA:140,12
DA:141,12
DA:142,12
DA:143,12
DA:144,12
DA:145,28
DA:146,1
DA:147,1
DA:148,28
DA:149,28
DA:150,28
DA:151,28
DA:152,28
DA:153,28
DA:154,28
DA:155,28
DA:156,28
DA:157,2
DA:158,2
DA:159,28
DA:160,28
DA:161,28
DA:162,28
DA:163,28
DA:164,28
DA:165,28
DA:166,28
DA:167,28
DA:168,2
DA:169,2
DA:170,2
DA:171,2
DA:172,2
DA:173,2
DA:174,2
DA:175,28
DA:176,28
DA:177,28
DA:178,1
DA:179,1
DA:180,8
DA:181,2
DA:182,2
DA:183,6
DA:184,8
DA:185,1
DA:186,1
DA:187,6
DA:188,6
DA:189,1
DA:190,1
DA:191,28
DA:192,28
DA:193,28
DA:194,28
DA:195,28
DA:196,2
DA:197,2
DA:198,28
DA:199,24
DA:200,24
DA:201,28
DA:202,28
DA:203,1
DA:204,1
DA:205,26
DA:206,26
DA:207,26
DA:208,26
DA:209,26
DA:210,26
DA:211,1
DA:212,1
DA:213,28
DA:214,0
DA:215,0
DA:216,28
DA:217,26
DA:218,26
DA:219,2
DA:220,28
DA:221,1
DA:222,1
DA:223,1
DA:224,1
DA:225,1
DA:226,1
DA:227,1
DA:228,1
DA:229,26
DA:230,26
DA:231,26
DA:232,0
DA:233,26
DA:234,26
DA:235,26
DA:236,26
DA:237,26
DA:238,0
DA:239,0
DA:240,0
DA:241,0
DA:242,0
DA:243,0
DA:244,26
DA:245,26
DA:246,1
DA:247,1
DA:248,26
DA:249,26
DA:250,26
DA:251,26
DA:252,26
DA:253,26
DA:254,0
DA:255,0
DA:256,26
DA:257,26
DA:258,26
DA:259,0
DA:260,0
DA:261,0
DA:262,0
DA:263,0
DA:264,0
DA:265,26
DA:266,26
DA:267,1
DA:268,1
LF:268
LH:242
BRDA:1,0,0,1
BRDA:13,1,0,1
BRDA:13,2,0,0
BRDA:15,3,0,6
BRDA:16,4,0,1
BRDA:19,5,0,5
BRDA:19,6,0,1
BRDA:21,7,0,5
BRDA:21,8,0,1
BRDA:23,9,0,5
BRDA:23,10,0,0
BRDA:24,11,0,2
BRDA:24,12,0,3
BRDA:25,13,0,3
BRDA:25,14,0,2
BRDA:28,15,0,0
BRDA:28,16,0,5
BRDA:29,17,0,2
BRDA:29,18,0,3
BRDA:30,19,0,3
BRDA:30,20,0,2
BRDA:35,21,0,5
BRDA:36,22,0,3
BRDA:36,23,0,2
BRDA:42,24,0,3
BRDA:42,25,0,2
BRDA:45,26,0,33
BRDA:50,27,0,2
BRDA:56,28,0,2
BRDA:62,29,0,2
BRDA:68,30,0,2
BRDA:74,31,0,4
BRDA:80,32,0,2
BRDA:87,33,0,10
BRDA:93,34,0,2
BRDA:102,35,0,2
BRDA:135,36,0,28
BRDA:137,37,0,16
BRDA:139,38,0,12
BRDA:140,39,0,12
BRDA:141,40,0,12
BRDA:147,41,0,28
BRDA:150,42,0,28
BRDA:156,43,0,2
BRDA:164,44,0,0
BRDA:166,45,0,26
BRDA:167,46,0,2
BRDA:168,47,0,0
BRDA:179,48,0,8
BRDA:180,49,0,2
BRDA:183,50,0,6
BRDA:186,51,0,6
BRDA:187,52,0,0
BRDA:190,53,0,28
BRDA:191,54,0,4
BRDA:191,55,0,24
BRDA:195,56,0,2
BRDA:195,57,0,2
BRDA:198,58,0,26
BRDA:198,59,0,24
BRDA:204,60,0,26
BRDA:207,61,0,26
BRDA:212,62,0,28
BRDA:213,63,0,0
BRDA:216,64,0,26
BRDA:219,65,0,2
BRDA:222,66,0,12
BRDA:222,67,0,0
BRDA:223,68,0,2
BRDA:223,69,0,0
BRDA:224,70,0,6
BRDA:224,71,0,0
BRDA:225,72,0,6
BRDA:225,73,0,1
BRDA:226,74,0,48
BRDA:226,75,0,0
BRDA:228,76,0,26
BRDA:230,77,0,26
BRDA:231,78,0,0
BRDA:247,79,0,26
BRDA:248,80,0,26
BRDA:253,81,0,0
BRDA:258,82,0,0
BRF:83
BRH:69
end_of_record
TN:
SF:src/OAuth2Service.js
FN:35,authenticate
FN:90,askForApiV3Token
FN:125,refreshApiV3Token
FN:161,base64URLEncode
FN:168,sha256
FN:170,generateState
FN:172,generateVerifier
FN:174,generateS256Challenge
FN:176,nowSec
FNF:9
FNH:9
FNDA:1,authenticate
FNDA:1,askForApiV3Token
FNDA:1,refreshApiV3Token
FNDA:2,base64URLEncode
FNDA:1,sha256
FNDA:1,generateState
FNDA:1,generateVerifier
FNDA:1,generateS256Challenge
FNDA:2,nowSec
DA:1,1
DA:2,1
DA:3,1
DA:4,1
DA:5,1
DA:6,1
DA:7,1
DA:8,1
DA:9,1
DA:10,1
DA:11,1
DA:12,1
DA:13,1
DA:14,1
DA:15,1
DA:16,1
DA:17,1
DA:18,1
DA:19,1
DA:20,1
DA:21,1
DA:22,1
DA:23,1
DA:24,1
DA:25,1
DA:26,1
DA:27,1
DA:28,1
DA:29,1
DA:30,1
DA:31,1
DA:32,1
DA:33,1
DA:34,1
DA:35,1
DA:36,1
DA:37,1
DA:38,1
DA:39,1
DA:40,1
DA:41,1
DA:42,1
DA:43,1
DA:44,1
DA:45,1
DA:46,1
DA:47,1
DA:48,1
DA:49,1
DA:50,1
DA:51,1
DA:52,1
DA:53,1
DA:54,1
DA:55,1
DA:56,1
DA:57,1
DA:58,1
DA:59,1
DA:60,1
DA:61,1
DA:62,1
DA:63,1
DA:64,1
DA:65,1
DA:66,1
DA:67,1
DA:68,1
DA:69,1
DA:70,1
DA:71,1
DA:72,1
DA:73,1
DA:74,1
DA:75,1
DA:76,1
DA:77,1
DA:78,1
DA:79,1
DA:80,1
DA:81,1
DA:82,1
DA:83,1
DA:84,1
DA:85,1
DA:86,1
DA:87,1
DA:88,1
DA:89,1
DA:90,1
DA:91,1
DA:92,1
DA:93,1
DA:94,1
DA:95,1
DA:96,1
DA:97,1
DA:98,1
DA:99,1
DA:100,1
DA:101,1
DA:102,1
DA:103,1
DA:104,0
DA:105,0
DA:106,0
DA:107,0
DA:108,0
DA:109,1
DA:110,1
DA:111,1
DA:112,1
DA:113,1
DA:114,1
DA:115,1
DA:116,1
DA:117,1
DA:118,1
DA:119,1
DA:120,1
DA:121,1
DA:122,1
DA:123,1
DA:124,1
DA:125,1
DA:126,1
DA:127,1
DA:128,1
DA:129,1
DA:130,1
DA:131,1
DA:132,1
DA:133,1
DA:134,1
DA:135,1
DA:136,1
DA:137,1
DA:138,1
DA:139,0
DA:140,0
DA:141,0
DA:142,0
DA:143,1
DA:144,1
DA:145,1
DA:146,1
DA:147,1
DA:148,1
DA:149,1
DA:150,1
DA:151,1
DA:152,1
DA:153,1
DA:154,1
DA:155,1
DA:156,1
DA:157,1
DA:158,1
DA:159,1
DA:160,1
DA:161,1
DA:162,2
DA:163,2
DA:164,2
DA:165,2
DA:166,1
DA:167,1
DA:168,1
DA:169,1
DA:170,1
DA:171,1
DA:172,1
DA:173,1
DA:174,1
DA:175,1
DA:176,1
LF:176
LH:167
BRDA:1,0,0,1
BRDA:35,1,0,1
BRDA:43,2,0,0
BRDA:47,3,0,0
BRDA:90,4,0,1
BRDA:99,5,0,1
BRDA:102,6,0,1
BRDA:103,7,0,0
BRDA:113,8,0,1
BRDA:116,9,0,0
BRDA:125,10,0,1
BRDA:133,11,0,1
BRDA:137,12,0,1
BRDA:138,13,0,0
BRDA:147,14,0,1
BRDA:150,15,0,0
BRDA:161,16,0,2
BRDA:168,17,0,1
BRDA:170,18,0,1
BRDA:172,19,0,1
BRDA:174,20,0,1
BRDA:176,21,0,2
BRF:22
BRH:16
end_of_record
